<?xml version="1.0" encoding="UTF-8"?>
<Site BuildName="Win32-ninja"
	BuildStamp="20250506-2144-Experimental"
	Name="DESKTOP-81SV547"
	Generator="ctest-3.31.1"
	CompilerName="C:/Program Files/LLVM/bin/clang++.exe"
	CompilerVersion="20.1.3"
	OSName="Windows"
	Hostname="DESKTOP-81SV547"
	OSRelease=" Personal"
	OSVersion=" (Build 26100)"
	OSPlatform="AMD64"
	Is64Bits="1"
	VendorString="AuthenticAMD"
	VendorID="Advanced Micro Devices"
	FamilyID="15"
	ModelID="0"
	ModelName="AMD Ryzen 7 4700U with Radeon Graphics         "
	ProcessorCacheSize="64"
	NumberOfLogicalCPU="8"
	NumberOfPhysicalCPU="8"
	TotalVirtualMemory="20601"
	TotalPhysicalMemory="15737"
	LogicalProcessorsPerPhysical="1"
	ProcessorClockFrequency="1996"
	>
	<Testing>
		<StartDateTime>May 06 15:52 Pacific Daylight Time</StartDateTime>
		<StartTestTime>1746571976</StartTestTime>
		<TestList/>
		<EndDateTime>May 06 15:52 Pacific Daylight Time</EndDateTime>
		<EndTestTime>1746571976</EndTestTime>
		<ElapsedMinutes>0</ElapsedMinutes>
	</Testing>
</Site>
