<?xml version="1.0" encoding="UTF-8"?>
<Site BuildName="Win32-ninja"
	BuildStamp="20250424-2137-Experimental"
	Name="DESKTOP-81SV547"
	Generator="ctest-3.31.1"
	CompilerName="C:/Program Files/LLVM/bin/clang++.exe"
	CompilerVersion="20.1.3"
	OSName="Windows"
	Hostname="DESKTOP-81SV547"
	OSRelease=" Personal"
	OSVersion=" (Build 26100)"
	OSPlatform="AMD64"
	Is64Bits="1"
	VendorString="AuthenticAMD"
	VendorID="Advanced Micro Devices"
	FamilyID="15"
	ModelID="0"
	ModelName="AMD Ryzen 7 4700U with Radeon Graphics         "
	ProcessorCacheSize="64"
	NumberOfLogicalCPU="8"
	NumberOfPhysicalCPU="8"
	TotalVirtualMemory="22393"
	TotalPhysicalMemory="15737"
	LogicalProcessorsPerPhysical="1"
	ProcessorClockFrequency="1996"
	>
	<Testing>
		<StartDateTime>Apr 24 14:58 Pacific Daylight Time</StartDateTime>
		<StartTestTime>1745531903</StartTestTime>
		<TestList>
			<Test>./test/HelloTest.BasicAssertions</Test>
		</TestList>
		<Test Status="passed">
			<Name>HelloTest.BasicAssertions</Name>
			<Path>./test</Path>
			<FullName>./test/HelloTest.BasicAssertions</FullName>
			<FullCommandLine>C:\Users\HoffR\software-engineering-project-daisy\build\test\projectTests.exe "--gtest_filter=HelloTest.BasicAssertions" "--gtest_also_run_disabled_tests"</FullCommandLine>
			<Results>
				<NamedMeasurement type="numeric/double" name="Execution Time">
					<Value>0.0765488</Value>
				</NamedMeasurement>
				<NamedMeasurement type="numeric/double" name="Processors">
					<Value>1</Value>
				</NamedMeasurement>
				<NamedMeasurement type="text/string" name="Completion Status">
					<Value>Completed</Value>
				</NamedMeasurement>
				<NamedMeasurement type="text/string" name="Command Line">
					<Value>C:\Users\HoffR\software-engineering-project-daisy\build\test\projectTests.exe "--gtest_filter=HelloTest.BasicAssertions" "--gtest_also_run_disabled_tests"</Value>
				</NamedMeasurement>
				<NamedMeasurement type="text/string" name="Environment">
					<Value>#CTEST_RESOURCE_GROUP_COUNT=</Value>
				</NamedMeasurement>
				<Measurement>
					<Value encoding="base64" compression="gzip">eJyNkE9rwzAMxe/+FDo2h5ikgzEKPXRr6WDQjXQ7xWE4rhrMHLvYSvb1lz8lrIOVvpOxfpLeU9ZYq20FtdR2FsHRuxqeFqJVp69KlI02B/KIQVSEgUTwSrQpT+95Ess5JuXd/EGlXBmUVlTOVQYnbuj47OdypdjOES5gOyDw3lXgqA2hhyU8ozGu/+KPMmi1CgE9aWcDy5eTCsjOTlOgob13en6HRhNylseTCtgaV0oz1tG22jtbo+1YpLg5/YF/z5zssByyjx0MKq65HBF4fbmGwSyBOkQ37B1JIEfSROy2VITSxwf3bS9v9t+twEvLL/d0Kd5W+/1m3YcdWc5+AIG0rkg=</Value>
				</Measurement>
			</Results>
		</Test>
		<EndDateTime>Apr 24 14:58 Pacific Daylight Time</EndDateTime>
		<EndTestTime>1745531903</EndTestTime>
		<ElapsedMinutes>0</ElapsedMinutes>
	</Testing>
</Site>
